<?xml version="1.0" encoding="UTF-8"?>
<!-- Generated by org.testng.reporters.JUnitXMLReporter -->
<testsuite hostname="KNY-LENOVO1662" ignored="0" name="thirdTest" tests="1" failures="1" timestamp="26 Jun 2019 20:16:45 GMT" time="13.465" errors="0">
  <testcase name="invalidLogin" time="7.694" classname="testcases.ThirdTest">
    <failure type="org.openqa.selenium.ElementClickInterceptedException" message="element click intercepted: Element &amp;lt;input type=&amp;quot;submit&amp;quot; class=&amp;quot;button&amp;quot; value=&amp;quot;Login&amp;quot; id=&amp;quot;submit&amp;quot; name=&amp;quot;submit&amp;quot;&amp;gt; is not clickable at point (110, 11). Other element would receive the click: &amp;lt;div id=&amp;quot;interBgWrap&amp;quot; style=&amp;quot;position: fixed; width: 1036px; height: 3000px; left: 0px; top: 0px; visibility: visible; opacity: 1; background-color: rgb(51, 51, 51); z-index: 9999998;&amp;quot;&amp;gt;&amp;lt;/div&amp;gt;
  (Session info: chrome=75.0.3770.100)
Build info: version: &amp;apos;3.141.59&amp;apos;, revision: &amp;apos;e82be7d358&amp;apos;, time: &amp;apos;2018-11-14T08:17:03&amp;apos;
System info: host: &amp;apos;KNY-LENOVO1662&amp;apos;, ip: &amp;apos;192.168.56.1&amp;apos;, os.name: &amp;apos;Windows 10&amp;apos;, os.arch: &amp;apos;amd64&amp;apos;, os.version: &amp;apos;10.0&amp;apos;, java.version: &amp;apos;1.8.0_202&amp;apos;
Driver info: org.openqa.selenium.chrome.ChromeDriver
Capabilities {acceptInsecureCerts: false, browserName: chrome, browserVersion: 75.0.3770.100, chrome: {chromedriverVersion: 75.0.3770.8 (681f24ea911fe7..., userDataDir: C:\Users\dturner\AppData\Lo...}, goog:chromeOptions: {debuggerAddress: localhost:50715}, javascriptEnabled: true, networkConnectionEnabled: false, pageLoadStrategy: normal, platform: XP, platformName: XP, proxy: Proxy(), setWindowRect: true, strictFileInteractability: false, timeouts: {implicit: 0, pageLoad: 300000, script: 30000}, unhandledPromptBehavior: dismiss and notify}
Session ID: e96679e2ca3bc855e204e48ea7b689e2">
      <![CDATA[org.openqa.selenium.ElementClickInterceptedException: element click intercepted: Element <input type="submit" class="button" value="Login" id="submit" name="submit"> is not clickable at point (110, 11). Other element would receive the click: <div id="interBgWrap" style="position: fixed; width: 1036px; height: 3000px; left: 0px; top: 0px; visibility: visible; opacity: 1; background-color: rgb(51, 51, 51); z-index: 9999998;"></div>
  (Session info: chrome=75.0.3770.100)
Build info: version: '3.141.59', revision: 'e82be7d358', time: '2018-11-14T08:17:03'
System info: host: 'KNY-LENOVO1662', ip: '192.168.56.1', os.name: 'Windows 10', os.arch: 'amd64', os.version: '10.0', java.version: '1.8.0_202'
Driver info: org.openqa.selenium.chrome.ChromeDriver
Capabilities {acceptInsecureCerts: false, browserName: chrome, browserVersion: 75.0.3770.100, chrome: {chromedriverVersion: 75.0.3770.8 (681f24ea911fe7..., userDataDir: C:\Users\dturner\AppData\Lo...}, goog:chromeOptions: {debuggerAddress: localhost:50715}, javascriptEnabled: true, networkConnectionEnabled: false, pageLoadStrategy: normal, platform: XP, platformName: XP, proxy: Proxy(), setWindowRect: true, strictFileInteractability: false, timeouts: {implicit: 0, pageLoad: 300000, script: 30000}, unhandledPromptBehavior: dismiss and notify}
Session ID: e96679e2ca3bc855e204e48ea7b689e2
at org.openqa.selenium.remote.http.W3CHttpResponseCodec.createException(W3CHttpResponseCodec.java:187)
at org.openqa.selenium.remote.http.W3CHttpResponseCodec.decode(W3CHttpResponseCodec.java:122)
at org.openqa.selenium.remote.http.W3CHttpResponseCodec.decode(W3CHttpResponseCodec.java:49)
at org.openqa.selenium.remote.HttpCommandExecutor.execute(HttpCommandExecutor.java:158)
at org.openqa.selenium.remote.service.DriverCommandExecutor.execute(DriverCommandExecutor.java:83)
at org.openqa.selenium.remote.RemoteWebDriver.execute(RemoteWebDriver.java:552)
at org.openqa.selenium.remote.RemoteWebElement.execute(RemoteWebElement.java:285)
at org.openqa.selenium.remote.RemoteWebElement.click(RemoteWebElement.java:84)
at com.xpxn.automation.pages.BasePage.click(BasePage.java:22)
at com.xpxn.automation.pages.BasePage.click(BasePage.java:20)
at testcases.ThirdTest.invalidLogin(ThirdTest.java:18)
at java.util.concurrent.FutureTask.run(FutureTask.java:266)
at java.util.concurrent.ThreadPoolExecutor.runWorker(ThreadPoolExecutor.java:1149)
at java.util.concurrent.ThreadPoolExecutor$Worker.run(ThreadPoolExecutor.java:624)
at java.lang.Thread.run(Thread.java:748)
... Removed 20 stack frames]]>
    </failure>
  </testcase> <!-- invalidLogin -->
</testsuite> <!-- thirdTest -->
